SF:lib/data/post_repository_impl.dart
DA:8,1
DA:9,1
DA:11,0
DA:13,0
DA:14,0
DA:17,0
DA:19,0
DA:20,0
DA:23,0
DA:25,0
DA:27,0
DA:29,0
DA:32,0
DA:33,0
DA:35,0
DA:37,0
DA:39,1
DA:45,2
DA:48,0
DA:50,0
LF:20
LH:4
end_of_record
SF:lib/domain/entity/gallery_level.dart
DA:13,1
LF:1
LH:1
end_of_record
SF:lib/domain/entity/gallery_level.g.dart
DA:13,0
DA:15,0
DA:16,0
DA:17,0
DA:19,0
DA:20,0
DA:21,0
DA:25,0
DA:28,0
DA:29,0
DA:30,0
DA:31,0
DA:32,0
DA:35,0
DA:36,0
DA:38,0
DA:41,0
DA:42,0
DA:43,0
LF:19
LH:0
end_of_record
SF:lib/domain/entity/post.dart
DA:51,0
DA:98,1
DA:99,2
DA:100,2
DA:101,2
DA:102,2
DA:103,2
DA:104,2
DA:105,2
DA:106,2
DA:107,2
DA:108,2
DA:109,2
DA:110,2
DA:111,2
DA:112,2
DA:113,2
DA:114,2
DA:115,2
DA:116,2
DA:117,2
DA:118,2
DA:119,2
DA:120,2
DA:121,2
DA:122,2
DA:123,2
DA:124,2
DA:125,2
DA:126,2
DA:127,2
DA:128,2
DA:129,2
DA:130,2
DA:131,2
DA:132,2
DA:133,2
DA:134,2
DA:135,2
DA:136,2
DA:150,2
DA:151,2
DA:152,2
DA:155,0
DA:156,0
DA:157,0
DA:158,0
DA:159,0
DA:160,0
DA:161,0
DA:162,0
DA:163,0
DA:164,0
DA:165,0
DA:166,0
DA:167,0
DA:168,0
DA:169,0
DA:170,0
DA:171,0
DA:172,0
DA:173,0
DA:174,0
DA:175,0
DA:176,0
DA:177,0
DA:178,0
DA:179,0
DA:180,0
DA:181,0
DA:182,0
DA:183,0
DA:184,0
DA:185,0
DA:186,0
DA:187,0
DA:188,0
DA:189,0
DA:190,0
DA:191,0
DA:192,0
DA:193,0
DA:194,0
DA:203,0
DA:204,0
DA:205,0
DA:209,0
DA:210,0
DA:211,0
DA:212,0
DA:215,0
DA:216,0
DA:219,0
DA:220,0
LF:94
LH:42
end_of_record
SF:lib/data/remote/post_remote_data_source.dart
DA:24,1
DA:25,3
DA:26,1
DA:27,2
DA:29,2
DA:34,0
DA:36,0
DA:39,0
DA:40,0
DA:41,0
DA:42,0
DA:43,0
DA:44,0
DA:46,0
DA:47,0
DA:48,0
DA:53,1
DA:56,2
DA:58,5
DA:59,1
DA:60,1
DA:63,4
DA:66,2
DA:67,1
DA:68,1
DA:69,1
DA:70,2
DA:71,3
DA:72,1
DA:73,6
DA:74,2
DA:76,0
DA:77,0
DA:78,0
LF:34
LH:20
end_of_record
SF:lib/utils/hive_utils.dart
DA:9,0
DA:16,0
DA:17,0
DA:18,0
DA:21,0
DA:24,0
DA:26,0
DA:27,0
DA:28,0
DA:29,0
DA:35,0
DA:36,0
DA:37,0
DA:39,0
DA:42,0
DA:43,0
DA:44,0
DA:45,0
DA:47,0
DA:51,0
DA:52,0
DA:54,0
DA:57,0
DA:58,0
DA:59,0
DA:61,0
DA:63,0
DA:66,0
DA:67,0
DA:68,0
DA:69,0
DA:71,0
DA:78,0
DA:79,0
DA:80,0
DA:83,0
DA:84,0
DA:85,0
DA:87,0
LF:39
LH:0
end_of_record
SF:lib/data/remote/model/post_list.dart
DA:6,0
DA:8,1
DA:9,2
DA:10,3
DA:11,3
DA:15,0
DA:16,0
DA:17,0
LF:8
LH:4
end_of_record
SF:lib/utils/log.dart
DA:6,1
DA:8,2
DA:14,0
DA:16,0
DA:17,0
DA:21,0
DA:28,0
DA:29,0
LF:8
LH:2
end_of_record
